# JRE version: Java(TM) SE Runtime Environment (8.0_51-b16) (build 1.8.0_51-b16)
# Java VM: Java HotSpot(TM) 64-Bit Server VM (25.51-b03 mixed mode windows-amd64 compressed oops)
Heap:
 PSYoungGen      total 374784K, used 165479K [0x00000000d5d00000, 0x00000000ee480000, 0x0000000100000000)
  eden space 354816K, 46% used [0x00000000d5d00000,0x00000000dfe99f48,0x00000000eb780000)
  from space 19968K, 0% used [0x00000000ec280000,0x00000000ec280000,0x00000000ed600000)
  to   space 14848K, 0% used [0x00000000ed600000,0x00000000ed600000,0x00000000ee480000)
 ParOldGen       total 126464K, used 39378K [0x0000000081600000, 0x0000000089180000, 0x00000000d5d00000)
  object space 126464K, 31% used [0x0000000081600000,0x0000000083c749a8,0x0000000089180000)
 Metaspace       used 73678K, capacity 77125K, committed 77312K, reserved 1116160K
  class space    used 10084K, capacity 10676K, committed 10752K, reserved 1048576K
GC Heap History (10 events):
Event: 6.702 GC heap before
{Heap before GC invocations=13 (full 2):
 PSYoungGen      total 292352K, used 192623K [0x00000000d5d00000, 0x00000000e9000000, 0x0000000100000000)
  eden space 284672K, 65% used [0x00000000d5d00000,0x00000000e11b5588,0x00000000e7300000)
  from space 7680K, 98% used [0x00000000e8880000,0x00000000e8fe6688,0x00000000e9000000)
  to   space 12800K, 0% used [0x00000000e7700000,0x00000000e7700000,0x00000000e8380000)
 ParOldGen       total 80896K, used 15563K [0x0000000081600000, 0x0000000086500000, 0x00000000d5d00000)
  object space 80896K, 19% used [0x0000000081600000,0x0000000082532c60,0x0000000086500000)
 Metaspace       used 56646K, capacity 58907K, committed 59028K, reserved 1099776K
  class space    used 7743K, capacity 8164K, committed 8192K, reserved 1048576K
Event: 6.717 GC heap after
Heap after GC invocations=13 (full 2):
 PSYoungGen      total 301568K, used 12788K [0x00000000d5d00000, 0x00000000eec80000, 0x0000000100000000)
  eden space 288768K, 0% used [0x00000000d5d00000,0x00000000d5d00000,0x00000000e7700000)
  from space 12800K, 99% used [0x00000000e7700000,0x00000000e837d2d0,0x00000000e8380000)
  to   space 18432K, 0% used [0x00000000eda80000,0x00000000eda80000,0x00000000eec80000)
 ParOldGen       total 80896K, used 26710K [0x0000000081600000, 0x0000000086500000, 0x00000000d5d00000)
  object space 80896K, 33% used [0x0000000081600000,0x0000000083015a18,0x0000000086500000)
 Metaspace       used 56646K, capacity 58907K, committed 59028K, reserved 1099776K
  class space    used 7743K, capacity 8164K, committed 8192K, reserved 1048576K
}
Event: 6.717 GC heap before
{Heap before GC invocations=14 (full 3):
 PSYoungGen      total 301568K, used 12788K [0x00000000d5d00000, 0x00000000eec80000, 0x0000000100000000)
  eden space 288768K, 0% used [0x00000000d5d00000,0x00000000d5d00000,0x00000000e7700000)
  from space 12800K, 99% used [0x00000000e7700000,0x00000000e837d2d0,0x00000000e8380000)
  to   space 18432K, 0% used [0x00000000eda80000,0x00000000eda80000,0x00000000eec80000)
 ParOldGen       total 80896K, used 26710K [0x0000000081600000, 0x0000000086500000, 0x00000000d5d00000)
  object space 80896K, 33% used [0x0000000081600000,0x0000000083015a18,0x0000000086500000)
 Metaspace       used 56646K, capacity 58907K, committed 59028K, reserved 1099776K
  class space    used 7743K, capacity 8164K, committed 8192K, reserved 1048576K
Event: 6.825 GC heap after
Heap after GC invocations=14 (full 3):
 PSYoungGen      total 301568K, used 0K [0x00000000d5d00000, 0x00000000eec80000, 0x0000000100000000)
  eden space 288768K, 0% used [0x00000000d5d00000,0x00000000d5d00000,0x00000000e7700000)
  from space 12800K, 0% used [0x00000000e7700000,0x00000000e7700000,0x00000000e8380000)
  to   space 18432K, 0% used [0x00000000eda80000,0x00000000eda80000,0x00000000eec80000)
 ParOldGen       total 126464K, used 36270K [0x0000000081600000, 0x0000000089180000, 0x00000000d5d00000)
  object space 126464K, 28% used [0x0000000081600000,0x000000008396bac8,0x0000000089180000)
 Metaspace       used 56646K, capacity 58907K, committed 59028K, reserved 1099776K
  class space    used 7743K, capacity 8164K, committed 8192K, reserved 1048576K
}
Event: 8.682 GC heap before
{Heap before GC invocations=15 (full 3):
 PSYoungGen      total 301568K, used 288768K [0x00000000d5d00000, 0x00000000eec80000, 0x0000000100000000)
  eden space 288768K, 100% used [0x00000000d5d00000,0x00000000e7700000,0x00000000e7700000)
  from space 12800K, 0% used [0x00000000e7700000,0x00000000e7700000,0x00000000e8380000)
  to   space 18432K, 0% used [0x00000000eda80000,0x00000000eda80000,0x00000000eec80000)
 ParOldGen       total 126464K, used 36270K [0x0000000081600000, 0x0000000089180000, 0x00000000d5d00000)
  object space 126464K, 28% used [0x0000000081600000,0x000000008396bac8,0x0000000089180000)
 Metaspace       used 65768K, capacity 68731K, committed 68992K, reserved 1107968K
  class space    used 9011K, capacity 9560K, committed 9600K, reserved 1048576K
Event: 8.696 GC heap after
Heap after GC invocations=15 (full 3):
 PSYoungGen      total 370176K, used 15277K [0x00000000d5d00000, 0x00000000ee980000, 0x0000000100000000)
  eden space 354816K, 0% used [0x00000000d5d00000,0x00000000d5d00000,0x00000000eb780000)
  from space 15360K, 99% used [0x00000000eda80000,0x00000000ee96b5c0,0x00000000ee980000)
  to   space 19968K, 0% used [0x00000000ec280000,0x00000000ec280000,0x00000000ed600000)
 ParOldGen       total 126464K, used 36278K [0x0000000081600000, 0x0000000089180000, 0x00000000d5d00000)
  object space 126464K, 28% used [0x0000000081600000,0x000000008396dac8,0x0000000089180000)
 Metaspace       used 65768K, capacity 68731K, committed 68992K, reserved 1107968K
  class space    used 9011K, capacity 9560K, committed 9600K, reserved 1048576K
}
Event: 346.770 GC heap before
{Heap before GC invocations=16 (full 3):
 PSYoungGen      total 370176K, used 370093K [0x00000000d5d00000, 0x00000000ee980000, 0x0000000100000000)
  eden space 354816K, 100% used [0x00000000d5d00000,0x00000000eb780000,0x00000000eb780000)
  from space 15360K, 99% used [0x00000000eda80000,0x00000000ee96b5c0,0x00000000ee980000)
  to   space 19968K, 0% used [0x00000000ec280000,0x00000000ec280000,0x00000000ed600000)
 ParOldGen       total 126464K, used 36278K [0x0000000081600000, 0x0000000089180000, 0x00000000d5d00000)
  object space 126464K, 28% used [0x0000000081600000,0x000000008396dac8,0x0000000089180000)
 Metaspace       used 73398K, capacity 76819K, committed 77056K, reserved 1116160K
  class space    used 10075K, capacity 10667K, committed 10752K, reserved 1048576K
Event: 346.783 GC heap after
Heap after GC invocations=16 (full 3):
 PSYoungGen      total 374784K, used 19966K [0x00000000d5d00000, 0x00000000ee480000, 0x0000000100000000)
  eden space 354816K, 0% used [0x00000000d5d00000,0x00000000d5d00000,0x00000000eb780000)
  from space 19968K, 99% used [0x00000000ec280000,0x00000000ed5ffa58,0x00000000ed600000)
  to   space 14848K, 0% used [0x00000000ed600000,0x00000000ed600000,0x00000000ee480000)
 ParOldGen       total 126464K, used 37628K [0x0000000081600000, 0x0000000089180000, 0x00000000d5d00000)
  object space 126464K, 29% used [0x0000000081600000,0x0000000083abf3e8,0x0000000089180000)
 Metaspace       used 73398K, capacity 76819K, committed 77056K, reserved 1116160K
  class space    used 10075K, capacity 10667K, committed 10752K, reserved 1048576K
}
Event: 346.783 GC heap before
{Heap before GC invocations=17 (full 4):
 PSYoungGen      total 374784K, used 19966K [0x00000000d5d00000, 0x00000000ee480000, 0x0000000100000000)
  eden space 354816K, 0% used [0x00000000d5d00000,0x00000000d5d00000,0x00000000eb780000)
  from space 19968K, 99% used [0x00000000ec280000,0x00000000ed5ffa58,0x00000000ed600000)
  to   space 14848K, 0% used [0x00000000ed600000,0x00000000ed600000,0x00000000ee480000)
 ParOldGen       total 126464K, used 37628K [0x0000000081600000, 0x0000000089180000, 0x00000000d5d00000)
  object space 126464K, 29% used [0x0000000081600000,0x0000000083abf3e8,0x0000000089180000)
 Metaspace       used 73398K, capacity 76819K, committed 77056K, reserved 1116160K
  class space    used 10075K, capacity 10667K, committed 10752K, reserved 1048576K
Event: 346.928 GC heap after
Heap after GC invocations=17 (full 4):
 PSYoungGen      total 374784K, used 0K [0x00000000d5d00000, 0x00000000ee480000, 0x0000000100000000)
  eden space 354816K, 0% used [0x00000000d5d00000,0x00000000d5d00000,0x00000000eb780000)
  from space 19968K, 0% used [0x00000000ec280000,0x00000000ec280000,0x00000000ed600000)
  to   space 14848K, 0% used [0x00000000ed600000,0x00000000ed600000,0x00000000ee480000)
 ParOldGen       total 126464K, used 39378K [0x0000000081600000, 0x0000000089180000, 0x00000000d5d00000)
  object space 126464K, 31% used [0x0000000081600000,0x0000000083c749a8,0x0000000089180000)
 Metaspace       used 73398K, capacity 76819K, committed 77056K, reserved 1116160K
  class space    used 10075K, capacity 10667K, committed 10752K, reserved 1048576K
}

